<?xml version="1.0" encoding="UTF-8" ?>
<testsuite errors="0" failures="0" hostname="dtabar-laptop" name="ManejadorDeZipTest" tests="2" time="0.251" timestamp="2015-06-14T22:05:26">
  <properties>
    <property name="file.encoding.pkg" value="sun.io" />
    <property name="ivy.retrieve.pattern.ivy.instance" value="/projects/aydoo/testConFer/pruebas/lib/[artifact]-[revision](-[classifier]).[ext]" />
    <property name="java.vendor.url.ivy.instance" value="http://java.oracle.com/" />
    <property name="ivy.local.default.ivy.pattern.ivy.instance" value="[organisation]/[module]/[revision]/[type]s/[artifact].[ext]" />
    <property name="ivy.project.dir.ivy.instance" value="/projects/aydoo/testConFer/pruebas" />
    <property name="ivy.resolve.default.type.filter" value="*" />
    <property name="java.home" value="/usr/lib/jvm/java-7-oracle/jre" />
    <property name="ivy.configurations.ivy.instance" value="*" />
    <property name="ivy.basedir.ivy.instance" value="/projects/aydoo/testConFer/pruebas" />
    <property name="ivy.dep.file.ivy.instance" value="ivy.xml" />
    <property name="java.endorsed.dirs" value="/usr/lib/jvm/java-7-oracle/jre/lib/endorsed" />
    <property name="java.class.path.ivy.instance" value="/usr/share/ant/lib/ant-launcher.jar:/usr/share/java/xmlParserAPIs.jar:/usr/share/java/xercesImpl.jar:/usr/share/ant/lib/ant-testutil.jar:/usr/share/ant/lib/ant-jdepend.jar:/usr/share/ant/lib/ant-antlr.jar:/usr/share/ant/lib/ant-apache-resolver.jar:/usr/share/ant/lib/ant-commons-logging.jar:/usr/share/ant/lib/ant-junit.jar:/usr/share/ant/lib/ant-commons-net.jar:/usr/share/ant/lib/ant-apache-bsf.jar:/usr/share/ant/lib/ant-apache-xalan2.jar:/usr/share/ant/lib/ant-apache-oro.jar:/usr/share/ant/lib/ant.jar:/usr/share/ant/lib/ant-swing.jar:/usr/share/ant/lib/ant-junit4.jar:/usr/share/ant/lib/ant-javamail.jar:/usr/share/ant/lib/ant-apache-log4j.jar:/usr/share/ant/lib/ant-apache-regexp.jar:/usr/share/ant/lib/ant-launcher.jar:/usr/share/ant/lib/ant-jsch.jar:/usr/share/ant/lib/ant-apache-bcel.jar:/usr/share/ant/lib/ant-jmf.jar:/usr/lib/jvm/java-7-oracle/lib/tools.jar" />
    <property name="coverage.xml.dir" value="/projects/aydoo/testConFer/pruebas/build/reports/cobertura-xml" />
    <property name="ivy.home" value="/home/dtabar/.ivy2" />
    <property name="src.dir" value="/projects/aydoo/testConFer/pruebas/src" />
    <property name="java.vm.specification.vendor.ivy.instance" value="Oracle Corporation" />
    <property name="sun.os.patch.level" value="unknown" />
    <property name="ivy.dep.file" value="ivy.xml" />
    <property name="java.vendor.url" value="http://java.oracle.com/" />
    <property name="ivy.local.default.artifact.pattern.ivy.instance" value="[organisation]/[module]/[revision]/[type]s/[artifact].[ext]" />
    <property name="ivy.lib.dir.ivy.instance" value="/projects/aydoo/testConFer/pruebas/lib" />
    <property name="java.version" value="1.7.0_80" />
    <property name="ivy.conf.dir.ivy.instance" value="jar:file:/projects/aydoo/testConFer/pruebas/libs/ivy.jar!/org/apache/ivy/core/settings" />
    <property name="sun.boot.library.path.ivy.instance" value="/usr/lib/jvm/java-7-oracle/jre/lib/amd64" />
    <property name="ivy.report.output.pattern.ivy.instance" value="[organisation]-[module]-[conf].[ext]" />
    <property name="ivy.module" value="tp-final-algo3" />
    <property name="ivy.publish.src.artifacts.pattern.ivy.instance" value="/projects/aydoo/testConFer/pruebas/distrib/[type]s/[artifact]-[revision](-[classifier]).[ext]" />
    <property name="java.vendor.url.bug" value="http://bugreport.sun.com/bugreport/" />
    <property name="sun.management.compiler.ivy.instance" value="HotSpot 64-Bit Tiered Compilers" />
    <property name="ant.project.invoked-targets" value="integracion-continua" />
    <property name="ivy.local.default.artifact.pattern" value="[organisation]/[module]/[revision]/[type]s/[artifact].[ext]" />
    <property name="os.name.ivy.instance" value="Linux" />
    <property name="ivy.default.ivy.user.dir.ivy.instance" value="/home/dtabar/.ivy2" />
    <property name="ivy.default.always.check.exact.revision" value="false" />
    <property name="ivy.default.settings.dir.ivy.instance" value="jar:file:/projects/aydoo/testConFer/pruebas/libs/ivy.jar!/org/apache/ivy/core/settings" />
    <property name="user.name" value="dtabar" />
    <property name="sun.io.unicode.encoding" value="UnicodeLittle" />
    <property name="ivy.shared.default.root.ivy.instance" value="/home/dtabar/.ivy2/shared" />
    <property name="sun.jnu.encoding" value="UTF-8" />
    <property name="java.runtime.name" value="Java(TM) SE Runtime Environment" />
    <property name="ant.home.ivy.instance" value="/usr/share/ant" />
    <property name="file.encoding.ivy.instance" value="UTF-8" />
    <property name="ivy.cache.ttl.default.ivy.instance" value="10s" />
    <property name="java.specification.vendor.ivy.instance" value="Oracle Corporation" />
    <property name="coverage.html.dir" value="/projects/aydoo/testConFer/pruebas/build/reports/cobertura-html" />
    <property name="java.vendor.ivy.instance" value="Oracle Corporation" />
    <property name="sun.cpu.isalist.ivy.instance" value="" />
    <property name="java.specification.name" value="Java Platform API Specification" />
    <property name="user.timezone" value="" />
    <property name="java.endorsed.dirs.ivy.instance" value="/usr/lib/jvm/java-7-oracle/jre/lib/endorsed" />
    <property name="path.separator" value=":" />
    <property name="java.class.version.ivy.instance" value="51.0" />
    <property name="ivy.default.conf.dir" value="jar:file:/projects/aydoo/testConFer/pruebas/libs/ivy.jar!/org/apache/ivy/core/settings" />
    <property name="file.encoding" value="UTF-8" />
    <property name="java.runtime.name.ivy.instance" value="Java(TM) SE Runtime Environment" />
    <property name="ivy.resolve.default.type.filter.ivy.instance" value="*" />
    <property name="ant.project.default-target" value="integracion-continua" />
    <property name="build" value="/projects/aydoo/testConFer/pruebas/build" />
    <property name="ivy.targets.copied" value="false" />
    <property name="sun.java.command" value="org.apache.tools.ant.taskdefs.optional.junit.JUnitTestRunner ManejadorDeZipTest filtertrace=true haltOnError=false haltOnFailure=false showoutput=false outputtoformatters=true logfailedtests=true logtestlistenerevents=false formatter=org.apache.tools.ant.taskdefs.optional.junit.XMLJUnitResultFormatter,/projects/aydoo/testConFer/pruebas/build/reports/junit-xml/TEST-ManejadorDeZipTest.xml crashfile=/projects/aydoo/testConFer/pruebas/junitvmwatcher6187552415824256468.properties propsfile=/projects/aydoo/testConFer/pruebas/junit4394335980517849403.properties" />
    <property name="ivy.shared.default.artifact.pattern" value="[organisation]/[module]/[revision]/[type]s/[artifact].[ext]" />
    <property name="ant.file" value="/projects/aydoo/testConFer/pruebas/build.xml" />
    <property name="ivy.distrib.dir.ivy.instance" value="/projects/aydoo/testConFer/pruebas/distrib" />
    <property name="ivy.checksums.ivy.instance" value="sha1,md5" />
    <property name="sun.arch.data.model.ivy.instance" value="64" />
    <property name="ivy.build.artifacts.dir.ivy.instance" value="/projects/aydoo/testConFer/pruebas/build/artifacts" />
    <property name="instrumented.dir" value="/projects/aydoo/testConFer/pruebas/build/instrumented" />
    <property name="ivy.settings.file" value="ivysettings.xml" />
    <property name="coverage.summaryxml.dir" value="/projects/aydoo/testConFer/pruebas/build/reports/cobertura-summary-xml" />
    <property name="java.io.tmpdir" value="/tmp" />
    <property name="ivy.buildlist.ivyfilepath.ivy.instance" value="ivy.xml" />
    <property name="ivy.cache.ttl.default" value="10s" />
    <property name="user.language" value="en" />
    <property name="user.dir.ivy.instance" value="/projects/aydoo/testConFer/pruebas" />
    <property name="ivy.home.ivy.instance" value="/home/dtabar/.ivy2" />
    <property name="line.separator" value="&#xa;" />
    <property name="java.specification.version.ivy.instance" value="1.7" />
    <property name="ant.file.type" value="file" />
    <property name="ivy.build.artifacts.dir" value="/projects/aydoo/testConFer/pruebas/build/artifacts" />
    <property name="sun.io.unicode.encoding.ivy.instance" value="UnicodeLittle" />
    <property name="ivy.status" value="integration" />
    <property name="java.vm.info" value="mixed mode" />
    <property name="ivy.lib.dir" value="/projects/aydoo/testConFer/pruebas/lib" />
    <property name="sun.desktop" value="gnome" />
    <property name="java.vm.specification.name" value="Java Virtual Machine Specification" />
    <property name="ivy.default.conf.dir.ivy.instance" value="jar:file:/projects/aydoo/testConFer/pruebas/libs/ivy.jar!/org/apache/ivy/core/settings" />
    <property name="java.vm.version.ivy.instance" value="24.80-b11" />
    <property name="ivy.install.version" value="2.2.0" />
    <property name="cobertura.dir" value="/projects/aydoo/testConFer/pruebas/libs" />
    <property name="user.name.ivy.instance" value="dtabar" />
    <property name="ivy.cache.dir" value="/home/dtabar/.ivy2/cache" />
    <property name="java.awt.printerjob" value="sun.print.PSPrinterJob" />
    <property name="java.io.tmpdir.ivy.instance" value="/tmp" />
    <property name="ant.version" value="Apache Ant(TM) version 1.8.2 compiled on December 3 2011" />
    <property name="java.home.ivy.instance" value="/usr/lib/jvm/java-7-oracle/jre" />
    <property name="java.vm.vendor.ivy.instance" value="Oracle Corporation" />
    <property name="ivy.default.settings.dir" value="jar:file:/projects/aydoo/testConFer/pruebas/libs/ivy.jar!/org/apache/ivy/core/settings" />
    <property name="ivy.configurations" value="*" />
    <property name="ivy.settings.url" value="jar:file:/projects/aydoo/testConFer/pruebas/libs/ivy.jar!/org/apache/ivy/core/settings/ivysettings.xml" />
    <property name="os.name" value="Linux" />
    <property name="java.specification.vendor" value="Oracle Corporation" />
    <property name="sun.jnu.encoding.ivy.instance" value="UTF-8" />
    <property name="ant.file.type.tp-final-algo3" value="file" />
    <property name="ivy.deliver.ivy.pattern.ivy.instance" value="/projects/aydoo/testConFer/pruebas/distrib/[type]s/[artifact]-[revision](-[classifier]).[ext]" />
    <property name="ivy.checksums" value="sha1,md5" />
    <property name="java.vm.name" value="Java HotSpot(TM) 64-Bit Server VM" />
    <property name="ivy.jar.file" value="/projects/aydoo/testConFer/pruebas/libs//ivy.jar" />
    <property name="ivy.log.modules.in.use" value="false" />
    <property name="java.runtime.version.ivy.instance" value="1.7.0_80-b15" />
    <property name="ivy.report.output.pattern" value="[organisation]-[module]-[conf].[ext]" />
    <property name="ivy.version" value="2.2.0" />
    <property name="java.library.path" value="/usr/java/packages/lib/amd64:/usr/lib64:/lib64:/lib:/usr/lib" />
    <property name="ivy.conf.url" value="jar:file:/projects/aydoo/testConFer/pruebas/libs/ivy.jar!/org/apache/ivy/core/settings/ivysettings.xml" />
    <property name="java.vm.name.ivy.instance" value="Java HotSpot(TM) 64-Bit Server VM" />
    <property name="os.version.ivy.instance" value="3.13.0-54-generic" />
    <property name="line.separator.ivy.instance" value="&#xa;" />
    <property name="ant.java.version" value="1.7" />
    <property name="sun.desktop.ivy.instance" value="gnome" />
    <property name="sun.cpu.endian.ivy.instance" value="little" />
    <property name="java.vm.specification.name.ivy.instance" value="Java Virtual Machine Specification" />
    <property name="basedir" value="/projects/aydoo/testConFer/pruebas" />
    <property name="java.class.version" value="51.0" />
    <property name="ivy.settings.url.ivy.instance" value="jar:file:/projects/aydoo/testConFer/pruebas/libs/ivy.jar!/org/apache/ivy/core/settings/ivysettings.xml" />
    <property name="path.separator.ivy.instance" value=":" />
    <property name="sun.boot.class.path.ivy.instance" value="/usr/lib/jvm/java-7-oracle/jre/lib/resources.jar:/usr/lib/jvm/java-7-oracle/jre/lib/rt.jar:/usr/lib/jvm/java-7-oracle/jre/lib/sunrsasign.jar:/usr/lib/jvm/java-7-oracle/jre/lib/jsse.jar:/usr/lib/jvm/java-7-oracle/jre/lib/jce.jar:/usr/lib/jvm/java-7-oracle/jre/lib/charsets.jar:/usr/lib/jvm/java-7-oracle/jre/lib/jfr.jar:/usr/lib/jvm/java-7-oracle/jre/classes" />
    <property name="ant.home" value="/usr/share/ant" />
    <property name="ant.file.tp-final-algo3" value="/projects/aydoo/testConFer/pruebas/build.xml" />
    <property name="ivy.resolved.configurations" value="analysis" />
    <property name="ivy.deliver.ivy.pattern" value="/projects/aydoo/testConFer/pruebas/distrib/[type]s/[artifact]-[revision](-[classifier]).[ext]" />
    <property name="net.sourceforge.cobertura.datafile" value="/projects/aydoo/testConFer/pruebas/build/cobertura.ser" />
    <property name="sun.boot.library.path" value="/usr/lib/jvm/java-7-oracle/jre/lib/amd64" />
    <property name="ivy.default.always.check.exact.revision.ivy.instance" value="false" />
    <property name="java.library.path.ivy.instance" value="/usr/java/packages/lib/amd64:/usr/lib64:/lib64:/lib:/usr/lib" />
    <property name="awt.toolkit.ivy.instance" value="sun.awt.X11.XToolkit" />
    <property name="ivy.basedir" value="/projects/aydoo/testConFer/pruebas" />
    <property name="sun.management.compiler" value="HotSpot 64-Bit Tiered Compilers" />
    <property name="pmd.dir" value="/projects/aydoo/testConFer/pruebas/libs/analysis" />
    <property name="java.ext.dirs.ivy.instance" value="/usr/lib/jvm/java-7-oracle/jre/lib/ext:/usr/java/packages/lib/ext" />
    <property name="java.awt.graphicsenv" value="sun.awt.X11GraphicsEnvironment" />
    <property name="ivy.log.modules.in.use.ivy.instance" value="false" />
    <property name="sun.os.patch.level.ivy.instance" value="unknown" />
    <property name="file.encoding.pkg.ivy.instance" value="sun.io" />
    <property name="ivy.resolver.default.check.modified" value="false" />
    <property name="ivy.shared.default.ivy.pattern" value="[organisation]/[module]/[revision]/[type]s/[artifact].[ext]" />
    <property name="ivy.settings.file.ivy.instance" value="ivysettings.xml" />
    <property name="ivy.nb.targets.copied" value="0" />
    <property name="ant.project.name" value="tp-final-algo3" />
    <property name="ivy.cache.dir.ivy.instance" value="/home/dtabar/.ivy2/cache" />
    <property name="java.vm.specification.version" value="1.7" />
    <property name="libs" value="/projects/aydoo/testConFer/pruebas/libs" />
    <property name="ivy.status.ivy.instance" value="integration" />
    <property name="awt.toolkit" value="sun.awt.X11.XToolkit" />
    <property name="reports.xml.dir" value="/projects/aydoo/testConFer/pruebas/build/reports/junit-xml" />
    <property name="sun.cpu.isalist" value="" />
    <property name="file.separator.ivy.instance" value="/" />
    <property name="ivy.local.default.root.ivy.instance" value="/home/dtabar/.ivy2/local" />
    <property name="ivy.deps.changed" value="false" />
    <property name="java.ext.dirs" value="/usr/lib/jvm/java-7-oracle/jre/lib/ext:/usr/java/packages/lib/ext" />
    <property name="os.version" value="3.13.0-54-generic" />
    <property name="user.home" value="/home/dtabar" />
    <property name="sun.java.launcher.ivy.instance" value="SUN_STANDARD" />
    <property name="java.vm.vendor" value="Oracle Corporation" />
    <property name="ivy.local.default.root" value="/home/dtabar/.ivy2/local" />
    <property name="ivy.organisation" value="org.apache" />
    <property name="user.dir" value="/projects/aydoo/testConFer/pruebas" />
    <property name="ant.library.dir.ivy.instance" value="/usr/share/ant/lib" />
    <property name="ivy.local.default.ivy.pattern" value="[organisation]/[module]/[revision]/[type]s/[artifact].[ext]" />
    <property name="ivy.shared.default.ivy.pattern.ivy.instance" value="[organisation]/[module]/[revision]/[type]s/[artifact].[ext]" />
    <property name="java.vm.info.ivy.instance" value="mixed mode" />
    <property name="ivy.publish.src.artifacts.pattern" value="/projects/aydoo/testConFer/pruebas/distrib/[type]s/[artifact]-[revision](-[classifier]).[ext]" />
    <property name="sun.java.command.ivy.instance" value="org.apache.tools.ant.launch.Launcher -cp " />
    <property name="ivy.distrib.dir" value="/projects/aydoo/testConFer/pruebas/distrib" />
    <property name="sun.cpu.endian" value="little" />
    <property name="ivy.revision" value="working@dtabar-laptop" />
    <property name="user.timezone.ivy.instance" value="America/Argentina/Buenos_Aires" />
    <property name="java.vm.version" value="24.80-b11" />
    <property name="java.class.path" value="/projects/aydoo/testConFer/pruebas/build/instrumented:/projects/aydoo/testConFer/pruebas/build:/projects/aydoo/testConFer/pruebas/libs/ant-jar-1.8.3.jar:/projects/aydoo/testConFer/pruebas/libs/ant-junit-jar-1.8.3.jar:/projects/aydoo/testConFer/pruebas/libs/ant-launcher-jar-1.8.3.jar:/projects/aydoo/testConFer/pruebas/libs/asm-analysis-jar-5.0.1.jar:/projects/aydoo/testConFer/pruebas/libs/asm-commons-jar-5.0.1.jar:/projects/aydoo/testConFer/pruebas/libs/asm-jar-5.0.1.jar:/projects/aydoo/testConFer/pruebas/libs/asm-tree-jar-5.0.1.jar:/projects/aydoo/testConFer/pruebas/libs/asm-util-jar-5.0.1.jar:/projects/aydoo/testConFer/pruebas/libs/cobertura-jar-2.1.1.jar:/projects/aydoo/testConFer/pruebas/libs/commons-lang3-jar-3.3.2.jar:/projects/aydoo/testConFer/pruebas/libs/hamcrest-core-jar-1.3.jar:/projects/aydoo/testConFer/pruebas/libs/ivy.jar:/projects/aydoo/testConFer/pruebas/libs/jaxen-jar-1.1.4.jar:/projects/aydoo/testConFer/pruebas/libs/jetty-jar-6.1.14.jar:/projects/aydoo/testConFer/pruebas/libs/jetty-util-jar-6.1.14.jar:/projects/aydoo/testConFer/pruebas/libs/junit-jar-4.11.jar:/projects/aydoo/testConFer/pruebas/libs/logback-classic-jar-1.0.13.jar:/projects/aydoo/testConFer/pruebas/libs/logback-core-jar-1.0.13.jar:/projects/aydoo/testConFer/pruebas/libs/mockito-all-jar-1.9.0.jar:/projects/aydoo/testConFer/pruebas/libs/oro-jar-2.0.8.jar:/projects/aydoo/testConFer/pruebas/libs/servlet-api-2.5-jar-6.1.14.jar:/projects/aydoo/testConFer/pruebas/libs/slf4j-api-jar-1.7.5.jar:/projects/aydoo/testConFer/pruebas/build/tests:/usr/share/java/ant-launcher-1.8.2.jar:/usr/share/ant/lib/ant.jar:/usr/share/ant/lib/ant-junit.jar:/usr/share/ant/lib/ant-junit4.jar" />
    <property name="ivy.default.ivy.user.dir" value="/home/dtabar/.ivy2" />
    <property name="user.home.ivy.instance" value="/home/dtabar" />
    <property name="basedir.ivy.instance" value="/projects/aydoo/testConFer/pruebas" />
    <property name="ant.library.dir" value="/usr/share/ant/lib" />
    <property name="os.arch" value="amd64" />
    <property name="ivy.jar.dir" value="/projects/aydoo/testConFer/pruebas/libs/" />
    <property name="java.awt.graphicsenv.ivy.instance" value="sun.awt.X11GraphicsEnvironment" />
    <property name="java.vendor.url.bug.ivy.instance" value="http://bugreport.sun.com/bugreport/" />
    <property name="java.vm.specification.version.ivy.instance" value="1.7" />
    <property name="sun.java.launcher" value="SUN_STANDARD" />
    <property name="classes.dir" value="/projects/aydoo/testConFer/pruebas/build" />
    <property name="java.awt.printerjob.ivy.instance" value="sun.print.PSPrinterJob" />
    <property name="ivy.settings.dir.ivy.instance" value="jar:file:/projects/aydoo/testConFer/pruebas/libs/ivy.jar!/org/apache/ivy/core/settings" />
    <property name="ant.core.lib" value="/usr/share/ant/lib/ant.jar" />
    <property name="ivy.resolver.default.check.modified.ivy.instance" value="false" />
    <property name="java.vm.specification.vendor" value="Oracle Corporation" />
    <property name="ivy.settings.dir" value="jar:file:/projects/aydoo/testConFer/pruebas/libs/ivy.jar!/org/apache/ivy/core/settings" />
    <property name="reports.html.dir" value="/projects/aydoo/testConFer/pruebas/build/reports/junit-html" />
    <property name="file.separator" value="/" />
    <property name="user.language.ivy.instance" value="en" />
    <property name="ivy.shared.default.artifact.pattern.ivy.instance" value="[organisation]/[module]/[revision]/[type]s/[artifact].[ext]" />
    <property name="user.country.ivy.instance" value="US" />
    <property name="ivy.conf.url.ivy.instance" value="jar:file:/projects/aydoo/testConFer/pruebas/libs/ivy.jar!/org/apache/ivy/core/settings/ivysettings.xml" />
    <property name="java.runtime.version" value="1.7.0_80-b15" />
    <property name="java.specification.name.ivy.instance" value="Java Platform API Specification" />
    <property name="reports.dir" value="/projects/aydoo/testConFer/pruebas/build/reports" />
    <property name="sun.boot.class.path" value="/usr/lib/jvm/java-7-oracle/jre/lib/resources.jar:/usr/lib/jvm/java-7-oracle/jre/lib/rt.jar:/usr/lib/jvm/java-7-oracle/jre/lib/sunrsasign.jar:/usr/lib/jvm/java-7-oracle/jre/lib/jsse.jar:/usr/lib/jvm/java-7-oracle/jre/lib/jce.jar:/usr/lib/jvm/java-7-oracle/jre/lib/charsets.jar:/usr/lib/jvm/java-7-oracle/jre/lib/jfr.jar:/usr/lib/jvm/java-7-oracle/jre/classes" />
    <property name="ivy.conf.dir" value="jar:file:/projects/aydoo/testConFer/pruebas/libs/ivy.jar!/org/apache/ivy/core/settings" />
    <property name="ivy.retrieve.pattern" value="/projects/aydoo/testConFer/pruebas/lib/[artifact]-[revision](-[classifier]).[ext]" />
    <property name="user.country" value="US" />
    <property name="ivy.shared.default.root" value="/home/dtabar/.ivy2/shared" />
    <property name="java.version.ivy.instance" value="1.7.0_80" />
    <property name="ivy.resolved.file" value="/projects/aydoo/testConFer/pruebas/ivy.xml" />
    <property name="os.arch.ivy.instance" value="amd64" />
    <property name="java.vendor" value="Oracle Corporation" />
    <property name="ivy.project.dir" value="/projects/aydoo/testConFer/pruebas" />
    <property name="java.specification.version" value="1.7" />
    <property name="sun.arch.data.model" value="64" />
    <property name="ivy.buildlist.ivyfilepath" value="ivy.xml" />
  </properties>
  <testcase classname="ManejadorDeZipTest" name="cuandoElPathApuntaAUnDirectorioInexistenteDebeLanzarUnaExcepcion" time="0.188" />
  <testcase classname="ManejadorDeZipTest" name="cuandoAbroElContenidoDelZipDeRecorridos2010LaCantidadDeARchivosContenidosDebeSer4" time="0.0" />
  <system-out><![CDATA[]]></system-out>
  <system-err><![CDATA[java.io.FileNotFoundException: /home/dtabar/ownloads/recorridos-2010.zip (No such file or directory)
	at java.util.zip.ZipFile.open(Native Method)
	at java.util.zip.ZipFile.<init>(ZipFile.java:215)
	at java.util.zip.ZipFile.<init>(ZipFile.java:145)
	at java.util.zip.ZipFile.<init>(ZipFile.java:116)
	at ManejadorDeZip.openZipFile(ManejadorDeZip.java:18)
	at ManejadorDeZipTest.cuandoElPathApuntaAUnDirectorioInexistenteDebeLanzarUnaExcepcion(ManejadorDeZipTest.java:27)
	at sun.reflect.NativeMethodAccessorImpl.invoke0(Native Method)
	at sun.reflect.NativeMethodAccessorImpl.invoke(NativeMethodAccessorImpl.java:57)
	at sun.reflect.DelegatingMethodAccessorImpl.invoke(DelegatingMethodAccessorImpl.java:43)
	at java.lang.reflect.Method.invoke(Method.java:606)
	at org.junit.runners.model.FrameworkMethod$1.runReflectiveCall(FrameworkMethod.java:47)
	at org.junit.internal.runners.model.ReflectiveCallable.run(ReflectiveCallable.java:12)
	at org.junit.runners.model.FrameworkMethod.invokeExplosively(FrameworkMethod.java:44)
	at org.junit.internal.runners.statements.InvokeMethod.evaluate(InvokeMethod.java:17)
	at org.junit.runners.ParentRunner.runLeaf(ParentRunner.java:271)
	at org.junit.runners.BlockJUnit4ClassRunner.runChild(BlockJUnit4ClassRunner.java:70)
	at org.junit.runners.BlockJUnit4ClassRunner.runChild(BlockJUnit4ClassRunner.java:50)
	at org.junit.runners.ParentRunner$3.run(ParentRunner.java:238)
	at org.junit.runners.ParentRunner$1.schedule(ParentRunner.java:63)
	at org.junit.runners.ParentRunner.runChildren(ParentRunner.java:236)
	at org.junit.runners.ParentRunner.access$000(ParentRunner.java:53)
	at org.junit.runners.ParentRunner$2.evaluate(ParentRunner.java:229)
	at org.junit.runners.ParentRunner.run(ParentRunner.java:309)
	at junit.framework.JUnit4TestAdapter.run(JUnit4TestAdapter.java:38)
	at org.apache.tools.ant.taskdefs.optional.junit.JUnitTestRunner.run(JUnitTestRunner.java:520)
	at org.apache.tools.ant.taskdefs.optional.junit.JUnitTestRunner.launch(JUnitTestRunner.java:1060)
	at org.apache.tools.ant.taskdefs.optional.junit.JUnitTestRunner.main(JUnitTestRunner.java:911)
]]></system-err>
</testsuite>
